MANPATH=/home/travis/.nvm/v0.10.36/share/man:/usr/local/clang-3.4/share/man:/usr/local/man:/usr/local/share/man:/usr/share/man
NVM_IOJS_ORG_VERSION_LISTING=https://iojs.org/dist/index.tab
HOSTNAME=testing-docker-b36bbc1a-d4b3-4fb6-8d99-0e9a63dd73ea
rvm_bin_path=/home/travis/.rvm/bin
GEM_HOME=/home/travis/.rvm/gems/ruby-1.9.3-p551
HAS_JOSH_K_SEAL_OF_APPROVAL=true
SHELL=/bin/bash
TERM=xterm
IRBRC=/home/travis/.rvm/rubies/ruby-1.9.3-p551/.irbrc
NVM_PATH=/home/travis/.nvm/v0.10.36/lib/node
TRAVIS_COMMIT=1256f87352f29b39e12f48e56c24612097d8e15a
TRAVIS_OS_NAME=linux
MY_RUBY_HOME=/home/travis/.rvm/rubies/ruby-1.9.3-p551
rvm_autoupdate_flag=0
NVM_DIR=/home/travis/.nvm
USER=travis
_system_type=Linux
TRAVIS_LANGUAGE=bash
rvm_path=/home/travis/.rvm
TRAVIS=true
HAS_ANTARES_THREE_LITTLE_FRONZIES_BADGE=true
TRAVIS_REPO_SLUG=jouvin/travis-test
RACK_ENV=test
TRAVIS_PULL_REQUEST=false
rvm_prefix=/home/travis
PATH=/home/travis/bin:/home/travis/.local/bin:/home/travis/.rvm/gems/ruby-1.9.3-p551/bin:/home/travis/.rvm/gems/ruby-1.9.3-p551@global/bin:/home/travis/.rvm/rubies/ruby-1.9.3-p551/bin:/usr/local/phantomjs/bin:/home/travis/.nvm/v0.10.36/bin:./node_modules/.bin:/usr/local/maven-3.2.5/bin:/usr/local/clang-3.4/bin:/home/travis/.gimme/versions/go1.4.1.linux.amd64/bin:/usr/local/sbin:/usr/local/bin:/usr/sbin:/usr/bin:/sbin:/bin:/home/travis/.rvm/bin
TRAVIS_PULL_REQUEST_SHA=
NVM_NODEJS_ORG_MIRROR=https://nodejs.org/dist
PWD=/home/travis/build/jouvin/travis-test
JAVA_HOME=/usr/lib/jvm/java-7-oracle
CONTINUOUS_INTEGRATION=true
LANG=en_US.UTF-8
MERB_ENV=test
_system_arch=x86_64
_system_version=12.04
TRAVIS_SUDO=false
TRAVIS_TAG=
rvm_version=1.26.10 (latest-minor)
HOME=/home/travis
PS4=+
SHLVL=2
TRAVIS_EVENT_TYPE=push
TRAVIS_JOB_NUMBER=7.1
GOROOT=/home/travis/.gimme/versions/go1.4.1.linux.amd64
RAILS_ENV=test
CI=true
TRAVIS_BUILD_ID=188798579
GEM_PATH=/home/travis/.rvm/gems/ruby-1.9.3-p551:/home/travis/.rvm/gems/ruby-1.9.3-p551@global
COMPOSER_NO_INTERACTION=1
DEBIAN_FRONTEND=noninteractive
TRAVIS_SECURE_ENV_VARS=false
NVM_BIN=/home/travis/.nvm/v0.10.36/bin
NVM_IOJS_ORG_MIRROR=https://iojs.org/dist
GIT_ASKPASS=echo
TRAVIS_BRANCH=master
JRUBY_OPTS=--client -J-XX:+TieredCompilation -J-XX:TieredStopAtLevel=1 -Xcext.enabled=false -J-Xss2m -Xcompile.invokedynamic=false
TRAVIS_COMMIT_RANGE=e333ed453bdf...1256f87352f2
TRAVIS_PULL_REQUEST_BRANCH=
container=docker
RUBY_VERSION=ruby-1.9.3-p551
TRAVIS_JOB_ID=188798580
rvm_silence_path_mismatch_check_flag=1
_system_name=Ubuntu
TRAVIS_BUILD_NUMBER=7
TRAVIS_BUILD_DIR=/home/travis/build/jouvin/travis-test

